{
  "stats": {
    "suites": 1,
    "tests": 5,
    "passes": 5,
    "pending": 0,
    "failures": 0,
    "start": "2022-09-14T18:16:15.948Z",
    "end": "2022-09-14T18:16:27.155Z",
    "duration": 11207,
    "testsRegistered": 5,
    "passPercent": 100,
    "pendingPercent": 0,
    "other": 0,
    "hasOther": false,
    "skipped": 0,
    "hasSkipped": false
  },
  "results": [
    {
      "uuid": "1d0d9daa-5cc6-4ace-9fba-8fc16ea2c748",
      "title": "",
      "fullFile": "cypress\\e2e\\3-Alurapic\\alurapic.cy.js",
      "file": "cypress\\e2e\\3-Alurapic\\alurapic.cy.js",
      "beforeHooks": [],
      "afterHooks": [],
      "tests": [],
      "suites": [
        {
          "uuid": "6c224a2b-ce5f-4f85-bc81-93314644b058",
          "title": "Login e registro de usuarios alura pic",
          "fullFile": "",
          "file": "",
          "beforeHooks": [],
          "afterHooks": [],
          "tests": [
            {
              "title": "verifica mensagens validacao",
              "fullTitle": "Login e registro de usuarios alura pic verifica mensagens validacao",
              "timedOut": null,
              "duration": 4513,
              "state": "passed",
              "speed": "fast",
              "pass": true,
              "fail": false,
              "pending": false,
              "context": null,
              "code": "cy.contains('a', 'Register now').click();\ncy.contains('button', 'Register').click();\ncy.contains('ap-vmessage', 'Email is required!').should('be.visible');\ncy.contains('button', 'Register').click();\ncy.contains('ap-vmessage', 'Full name is required!').should('be.visible');\ncy.contains('ap-vmessage', 'Email is required!').should('be.visible');\ncy.contains('ap-vmessage', 'User name is required!').should('be.visible');\ncy.contains('ap-vmessage', 'Password is required!').should('be.visible');",
              "err": {},
              "uuid": "367df7b4-a2a3-43f7-ae91-82a001b5a4e0",
              "parentUUID": "6c224a2b-ce5f-4f85-bc81-93314644b058",
              "isHook": false,
              "skipped": false
            },
            {
              "title": "verifica mensagens de email invalido",
              "fullTitle": "Login e registro de usuarios alura pic verifica mensagens de email invalido",
              "timedOut": null,
              "duration": 1072,
              "state": "passed",
              "speed": "fast",
              "pass": true,
              "fail": false,
              "pending": false,
              "context": null,
              "code": "cy.contains('a', 'Register now').click();\ncy.get('input[formcontrolname=\"email\"]').type('jaqueline');\ncy.contains('button', 'Register').click();\ncy.contains('ap-vmessage', 'Invalid e-mail').should('be.visible');",
              "err": {},
              "uuid": "cfd7ad90-80b5-44d7-b139-bdf18d4c1eb1",
              "parentUUID": "6c224a2b-ce5f-4f85-bc81-93314644b058",
              "isHook": false,
              "skipped": false
            },
            {
              "title": "verifica mensagem de letras maiusculas no Username",
              "fullTitle": "Login e registro de usuarios alura pic verifica mensagem de letras maiusculas no Username",
              "timedOut": null,
              "duration": 1130,
              "state": "passed",
              "speed": "fast",
              "pass": true,
              "fail": false,
              "pending": false,
              "context": null,
              "code": "cy.contains('a', 'Register now').click();\ncy.get('input[formcontrolname=\"userName\"]').type('TESTE');\ncy.contains('button', 'Register').click();\ncy.contains('ap-vmessage', 'Must be lower case').should('be.visible');",
              "err": {},
              "uuid": "1d066a0d-2713-402c-ac9c-f2674de7b396",
              "parentUUID": "6c224a2b-ce5f-4f85-bc81-93314644b058",
              "isHook": false,
              "skipped": false
            },
            {
              "title": "verifica mensagem de Username menor que 2 caracteres",
              "fullTitle": "Login e registro de usuarios alura pic verifica mensagem de Username menor que 2 caracteres",
              "timedOut": null,
              "duration": 1033,
              "state": "passed",
              "speed": "fast",
              "pass": true,
              "fail": false,
              "pending": false,
              "context": null,
              "code": "cy.contains('a', 'Register now').click();\ncy.get('input[formcontrolname=\"userName\"]').type('a');\ncy.contains('button', 'Register').click();\ncy.contains('ap-vmessage', 'Mininum length is 2').should('be.visible');",
              "err": {},
              "uuid": "870de6ac-0f43-4b07-aa15-4a26feec821f",
              "parentUUID": "6c224a2b-ce5f-4f85-bc81-93314644b058",
              "isHook": false,
              "skipped": false
            },
            {
              "title": "verifica mensagens de senha com menos de 8 caracteres",
              "fullTitle": "Login e registro de usuarios alura pic verifica mensagens de senha com menos de 8 caracteres",
              "timedOut": null,
              "duration": 1062,
              "state": "passed",
              "speed": "fast",
              "pass": true,
              "fail": false,
              "pending": false,
              "context": null,
              "code": "cy.contains('a', 'Register now').click();\ncy.get('input[formcontrolname=\"password\"]').type('123');\ncy.contains('button', 'Register').click();\ncy.contains('ap-vmessage', 'Mininum length is 8').should('be.visible');",
              "err": {},
              "uuid": "9a727e5e-e3bc-4727-adc2-bf2e2b17a7d3",
              "parentUUID": "6c224a2b-ce5f-4f85-bc81-93314644b058",
              "isHook": false,
              "skipped": false
            }
          ],
          "suites": [],
          "passes": [
            "367df7b4-a2a3-43f7-ae91-82a001b5a4e0",
            "cfd7ad90-80b5-44d7-b139-bdf18d4c1eb1",
            "1d066a0d-2713-402c-ac9c-f2674de7b396",
            "870de6ac-0f43-4b07-aa15-4a26feec821f",
            "9a727e5e-e3bc-4727-adc2-bf2e2b17a7d3"
          ],
          "failures": [],
          "pending": [],
          "skipped": [],
          "duration": 8810,
          "root": false,
          "rootEmpty": false,
          "_timeout": 2000
        }
      ],
      "passes": [],
      "failures": [],
      "pending": [],
      "skipped": [],
      "duration": 0,
      "root": true,
      "rootEmpty": true,
      "_timeout": 2000
    }
  ],
  "meta": {
    "mocha": {
      "version": "7.0.1"
    },
    "mochawesome": {
      "options": {
        "quiet": false,
        "reportFilename": "mochawesome",
        "saveHtml": true,
        "saveJson": true,
        "consoleReporter": "spec",
        "useInlineDiffs": false,
        "code": true
      },
      "version": "7.1.3"
    },
    "marge": {
      "options": null,
      "version": "6.2.0"
    }
  }
}